<?xml version="1.0" encoding="UTF-8"?>
<!-- Generated by org.testng.reporters.JUnitReportReporter -->
<testsuite hostname="LTIN212124" failures="0" tests="1" name="BDD.com.packages.HomeTest" time="59.898" errors="0" timestamp="2021-05-13T08:28:49 IST" skipped="0">
  <testcase classname="BDD.com.packages.HomeTest" name="validateTitle" time="59.898"/>
  <system-out/>
</testsuite> <!-- BDD.com.packages.HomeTest -->
