<?xml version="1.0" encoding="UTF-8"?>
<!-- Generated by org.testng.reporters.JUnitReportReporter -->
<testsuite hostname="LTIN212124" failures="0" tests="1" name="pageObjects.com.loginPage" time="12.258" errors="0" timestamp="2021-05-09T15:09:45 IST" skipped="0">
  <testcase classname="pageObjects.com.loginPage" name="login" time="12.258"/>
  <system-out/>
</testsuite> <!-- pageObjects.com.loginPage -->
